<?xml version="1.0" encoding="UTF-8"?>
<testng-results ignored="14" total="17" passed="3" failed="0" skipped="0">
  <reporter-output>
  </reporter-output>
  <suite started-at="2022-06-06T17:23:46Z" name="Default suite" finished-at="2022-06-06T17:23:49Z" duration-ms="3284">
    <groups>
    </groups>
    <test started-at="2022-06-06T17:23:46Z" name="Default test" finished-at="2022-06-06T17:23:49Z" duration-ms="3284">
      <class name="referBasics.RefrerBasics">
        <test-method is-config="true" signature="launchBrowser()[pri:0, instance:referBasics.RefrerBasics@5c80cf32]" started-at="2022-06-06T17:23:46Z" name="launchBrowser" finished-at="2022-06-06T17:23:47Z" duration-ms="1071" status="PASS">
          <reporter-output>
          </reporter-output>
        </test-method> <!-- launchBrowser -->
        <test-method signature="ExcelDataProviderTest(java.lang.String, java.lang.String)[pri:0, instance:referBasics.RefrerBasics@5c80cf32]" started-at="2022-06-06T17:23:47Z" name="ExcelDataProviderTest" data-provider="ExcelProvider" finished-at="2022-06-06T17:23:47Z" duration-ms="8" status="PASS">
          <params>
            <param index="0">
              <value>
                <![CDATA[helo]]>
              </value>
            </param>
            <param index="1">
              <value>
                <![CDATA[2]]>
              </value>
            </param>
          </params>
          <reporter-output>
          </reporter-output>
        </test-method> <!-- ExcelDataProviderTest -->
        <test-method is-config="true" signature="tearDown()[pri:0, instance:referBasics.RefrerBasics@5c80cf32]" started-at="2022-06-06T17:23:47Z" name="tearDown" finished-at="2022-06-06T17:23:47Z" duration-ms="1" status="PASS">
          <reporter-output>
          </reporter-output>
        </test-method> <!-- tearDown -->
        <test-method is-config="true" signature="launchBrowser()[pri:0, instance:referBasics.RefrerBasics@5c80cf32]" started-at="2022-06-06T17:23:47Z" name="launchBrowser" finished-at="2022-06-06T17:23:48Z" duration-ms="898" status="PASS">
          <reporter-output>
          </reporter-output>
        </test-method> <!-- launchBrowser -->
        <test-method signature="ExcelDataProviderTest(java.lang.String, java.lang.String)[pri:0, instance:referBasics.RefrerBasics@5c80cf32]" started-at="2022-06-06T17:23:48Z" name="ExcelDataProviderTest" data-provider="ExcelProvider" finished-at="2022-06-06T17:23:48Z" duration-ms="1" status="PASS">
          <params>
            <param index="0">
              <value>
                <![CDATA[Amal]]>
              </value>
            </param>
            <param index="1">
              <value>
                <![CDATA[6]]>
              </value>
            </param>
          </params>
          <reporter-output>
          </reporter-output>
        </test-method> <!-- ExcelDataProviderTest -->
        <test-method is-config="true" signature="tearDown()[pri:0, instance:referBasics.RefrerBasics@5c80cf32]" started-at="2022-06-06T17:23:48Z" name="tearDown" finished-at="2022-06-06T17:23:48Z" duration-ms="0" status="PASS">
          <reporter-output>
          </reporter-output>
        </test-method> <!-- tearDown -->
        <test-method is-config="true" signature="launchBrowser()[pri:0, instance:referBasics.RefrerBasics@5c80cf32]" started-at="2022-06-06T17:23:48Z" name="launchBrowser" finished-at="2022-06-06T17:23:49Z" duration-ms="931" status="PASS">
          <reporter-output>
          </reporter-output>
        </test-method> <!-- launchBrowser -->
        <test-method signature="ExcelDataProviderTest(java.lang.String, java.lang.String)[pri:0, instance:referBasics.RefrerBasics@5c80cf32]" started-at="2022-06-06T17:23:49Z" name="ExcelDataProviderTest" data-provider="ExcelProvider" finished-at="2022-06-06T17:23:49Z" duration-ms="2" status="PASS">
          <params>
            <param index="0">
              <value>
                <![CDATA[xaviour]]>
              </value>
            </param>
            <param index="1">
              <value>
                <![CDATA[7]]>
              </value>
            </param>
          </params>
          <reporter-output>
          </reporter-output>
        </test-method> <!-- ExcelDataProviderTest -->
        <test-method is-config="true" signature="tearDown()[pri:0, instance:referBasics.RefrerBasics@5c80cf32]" started-at="2022-06-06T17:23:49Z" name="tearDown" finished-at="2022-06-06T17:23:49Z" duration-ms="0" status="PASS">
          <reporter-output>
          </reporter-output>
        </test-method> <!-- tearDown -->
      </class> <!-- referBasics.RefrerBasics -->
    </test> <!-- Default test -->
  </suite> <!-- Default suite -->
</testng-results>
