<?xml version="1.0" encoding="UTF-8"?>
<!-- Generated by org.testng.reporters.JUnitXMLReporter -->
<testsuite ignored="0" hostname="cucumber" failures="0" tests="3" name="sample test" time="9.087" errors="0" timestamp="25 Apr 2022 16:51:07 GMT">
  <testcase classname="forTest.ExecuteDataPro" name="calldataProvider" time="0.226"/>
  <testcase classname="forTest.ExecuteDataPro" name="calldataProvider" time="0.219"/>
  <testcase classname="forTest.ExecuteDataPro" name="calldataProvider" time="0.353"/>
</testsuite> <!-- sample test -->
