<?xml version="1.0" encoding="UTF-8"?>
<!-- Generated by org.testng.reporters.JUnitXMLReporter -->
<testsuite ignored="0" hostname="cucumber" failures="2" tests="7" name="extendtTest" time="30.152" errors="0" timestamp="01 Jun 2022 17:01:55 GMT">
  <testcase classname="referBasics.ObsquraTestSite" name="LocateParticularFiledCorespond" time="2.094">
    <failure type="java.lang.AssertionError" message="expected [true] but found [false]">
      <![CDATA[java.lang.AssertionError: expected [true] but found [false]
at referBasics.ObsquraTestSite.LocateParticularFiledCorespond(ObsquraTestSite.java:180)
... Removed 27 stack frames]]>
    </failure>
  </testcase> <!-- LocateParticularFiledCorespond -->
  <testcase classname="referBasics.ObsquraTestSite" name="TablePrintAll" time="1.594">
    <failure type="java.lang.AssertionError" message="expected [true] but found [false]">
      <![CDATA[java.lang.AssertionError: expected [true] but found [false]
at referBasics.ObsquraTestSite.TablePrintAll(ObsquraTestSite.java:170)
... Removed 27 stack frames]]>
    </failure>
  </testcase> <!-- TablePrintAll -->
  <testcase classname="referBasics.ObsquraTestSite" name="bootStrapAlert" time="1.54"/>
  <testcase classname="referBasics.ObsquraTestSite" name="javScriptAlert" time="3.563"/>
  <testcase classname="referBasics.ObsquraTestSite" name="jquerySelect2" time="2.42"/>
  <testcase classname="referBasics.ObsquraTestSite" name="simpledatePicker" time="6.828"/>
  <testcase classname="referBasics.ObsquraTestSite" name="windowPopUp" time="4.927"/>
</testsuite> <!-- extendtTest -->
