<?xml version="1.0" encoding="UTF-8"?>
<!-- Generated by org.testng.reporters.JUnitXMLReporter -->
<testsuite ignored="14" hostname="cucumber" failures="0" tests="3" name="Default test" time="3.284" errors="0" timestamp="06 Jun 2022 17:23:49 GMT">
  <testcase classname="referBasics.RefrerBasics" name="ExcelDataProviderTest" time="0.008"/>
  <testcase classname="referBasics.RefrerBasics" name="ExcelDataProviderTest" time="0.001"/>
  <testcase classname="referBasics.RefrerBasics" name="ExcelDataProviderTest" time="0.002"/>
  <testcase classname="referBasics.RefrerBasics" name="Amazon_ScrollIntoView" time="0.0">
    <ignored/>
  </testcase> <!-- Amazon_ScrollIntoView -->
  <testcase classname="referBasics.RefrerBasics" name="SwitchToAmazon" time="0.0">
    <ignored/>
  </testcase> <!-- SwitchToAmazon -->
  <testcase classname="referBasics.RefrerBasics" name="robot_ClassExample" time="0.0">
    <ignored/>
  </testcase> <!-- robot_ClassExample -->
  <testcase classname="referBasics.RefrerBasics" name="screenShotListener" time="0.0">
    <ignored/>
  </testcase> <!-- screenShotListener -->
  <testcase classname="referBasics.RefrerBasics" name="propertiesFileTester" time="0.0">
    <ignored/>
  </testcase> <!-- propertiesFileTester -->
  <testcase classname="referBasics.RefrerBasics" name="HTTP_requestMethod" time="0.0">
    <ignored/>
  </testcase> <!-- HTTP_requestMethod -->
  <testcase classname="referBasics.RefrerBasics" name="ScrollInto_View" time="0.0">
    <ignored/>
  </testcase> <!-- ScrollInto_View -->
  <testcase classname="referBasics.RefrerBasics" name="mouseActions" time="0.0">
    <ignored/>
  </testcase> <!-- mouseActions -->
  <testcase classname="referBasics.RefrerBasics" name="ExcelTesting" time="0.0">
    <ignored/>
  </testcase> <!-- ExcelTesting -->
  <testcase classname="referBasics.RefrerBasics" name="DragAndDrop" time="0.0">
    <ignored/>
  </testcase> <!-- DragAndDrop -->
  <testcase classname="referBasics.RefrerBasics" name="SwitchTo_Window" time="0.0">
    <ignored/>
  </testcase> <!-- SwitchTo_Window -->
  <testcase classname="referBasics.RefrerBasics" name="screenShotTest" time="0.0">
    <ignored/>
  </testcase> <!-- screenShotTest -->
  <testcase classname="referBasics.RefrerBasics" name="mouseSendKeys_and_Keypress" time="0.0">
    <ignored/>
  </testcase> <!-- mouseSendKeys_and_Keypress -->
  <testcase classname="referBasics.RefrerBasics" name="javaScriptExecuter_Demo" time="0.0">
    <ignored/>
  </testcase> <!-- javaScriptExecuter_Demo -->
</testsuite> <!-- Default test -->
