<?xml version="1.0" encoding="UTF-8"?>
<!-- Generated by org.testng.reporters.JUnitXMLReporter -->
<testsuite ignored="11" hostname="cucumber" failures="0" tests="1" name="firstTest" time="2.994" errors="0" timestamp="01 Jun 2022 16:19:10 GMT">
  <testcase classname="referBasics.RefrerBasics" name="Amazon_ScrollIntoView" time="1.726"/>
  <testcase classname="referBasics.RefrerBasics" name="ScrollInto_View" time="0.0">
    <ignored/>
  </testcase> <!-- ScrollInto_View -->
  <testcase classname="referBasics.RefrerBasics" name="SwitchToAmazon" time="0.0">
    <ignored/>
  </testcase> <!-- SwitchToAmazon -->
  <testcase classname="referBasics.RefrerBasics" name="mouseActions" time="0.0">
    <ignored/>
  </testcase> <!-- mouseActions -->
  <testcase classname="referBasics.RefrerBasics" name="ExcelTesting" time="0.0">
    <ignored/>
  </testcase> <!-- ExcelTesting -->
  <testcase classname="referBasics.RefrerBasics" name="screenShotListener" time="0.0">
    <ignored/>
  </testcase> <!-- screenShotListener -->
  <testcase classname="referBasics.RefrerBasics" name="DragAndDrop" time="0.0">
    <ignored/>
  </testcase> <!-- DragAndDrop -->
  <testcase classname="referBasics.RefrerBasics" name="SwitchTo_Window" time="0.0">
    <ignored/>
  </testcase> <!-- SwitchTo_Window -->
  <testcase classname="referBasics.RefrerBasics" name="propertiesFileTester" time="0.0">
    <ignored/>
  </testcase> <!-- propertiesFileTester -->
  <testcase classname="referBasics.RefrerBasics" name="HTTP_requestMethod" time="0.0">
    <ignored/>
  </testcase> <!-- HTTP_requestMethod -->
  <testcase classname="referBasics.RefrerBasics" name="screenShotTest" time="0.0">
    <ignored/>
  </testcase> <!-- screenShotTest -->
  <testcase classname="referBasics.RefrerBasics" name="javaScriptExecuter_Demo" time="0.0">
    <ignored/>
  </testcase> <!-- javaScriptExecuter_Demo -->
</testsuite> <!-- firstTest -->
